Cycle 1 (PC=1)
Reservation Station
--------------------------------------------------------------------------------------------
|            |    Busy    |     Op     |     Vj     |     Vk     |     Qj     |     Qk     |
--------------------------------------------------------------------------------------------
|   Ars 1    |            |            |            |            |            |            |
|   Ars 2    |            |            |            |            |            |            |
|   Ars 3    |            |            |            |            |            |            |
|   Ars 4    |            |            |            |            |            |            |
|   Ars 5    |            |            |            |            |            |            |
|   Ars 6    |            |            |            |            |            |            |
|   Mrs 1    |            |            |            |            |            |            |
|   Mrs 2    |            |            |            |            |            |            |
|   Mrs 3    |            |            |            |            |            |            |
--------------------------------------------------------------------------------------------

Load Buffer
----------------------------------------------------------------
|                    |        Busy        |      Address       |
----------------------------------------------------------------
|        LB 1        |         *          |     0x000000d5     |
|        LB 2        |                    |                    |
|        LB 3        |                    |                    |
----------------------------------------------------------------

Registers
----------------------------------------------------------------
|                    |       State        |       Value        |
----------------------------------------------------------------
|         R0         |                    |     0x00000000     |
|         R1         |                    |     0x00000000     |
|         R2         |                    |     0x00000000     |
|         R3         |                    |     0x00000000     |
|         R4         |                    |     0x00000000     |
|         R5         |                    |     0x00000000     |
|         R6         |        LB1         |                    |
|         R7         |                    |     0x00000000     |
|         R8         |                    |     0x00000000     |
|         R9         |                    |     0x00000000     |
|        R10         |                    |     0x00000000     |
|        R11         |                    |     0x00000000     |
|        R12         |                    |     0x00000000     |
|        R13         |                    |     0x00000000     |
|        R14         |                    |     0x00000000     |
|        R15         |                    |     0x00000000     |
|        R16         |                    |     0x00000000     |
|        R17         |                    |     0x00000000     |
|        R18         |                    |     0x00000000     |
|        R19         |                    |     0x00000000     |
|        R20         |                    |     0x00000000     |
|        R21         |                    |     0x00000000     |
|        R22         |                    |     0x00000000     |
|        R23         |                    |     0x00000000     |
|        R24         |                    |     0x00000000     |
|        R25         |                    |     0x00000000     |
|        R26         |                    |     0x00000000     |
|        R27         |                    |     0x00000000     |
|        R28         |                    |     0x00000000     |
|        R29         |                    |     0x00000000     |
|        R30         |                    |     0x00000000     |
|        R31         |                    |     0x00000000     |
----------------------------------------------------------------

Arithmetic Component
-------------------------------------------------------------------------------------
|                    |      Current       |         RS         |   Cycles remain    |
-------------------------------------------------------------------------------------
|       Add 1        |                    |                    |                    |
|       Add 2        |                    |                    |                    |
|       Add 3        |                    |                    |                    |
|       Mult 1       |                    |                    |                    |
|       Mult 2       |                    |                    |                    |
|       Load 1       |         LD         |        LB1         |         3          |
|       Load 2       |                    |                    |                    |
-------------------------------------------------------------------------------------

Cycle 2 (PC=2)
Reservation Station
--------------------------------------------------------------------------------------------
|            |    Busy    |     Op     |     Vj     |     Vk     |     Qj     |     Qk     |
--------------------------------------------------------------------------------------------
|   Ars 1    |            |            |            |            |            |            |
|   Ars 2    |            |            |            |            |            |            |
|   Ars 3    |            |            |            |            |            |            |
|   Ars 4    |            |            |            |            |            |            |
|   Ars 5    |            |            |            |            |            |            |
|   Ars 6    |            |            |            |            |            |            |
|   Mrs 1    |            |            |            |            |            |            |
|   Mrs 2    |            |            |            |            |            |            |
|   Mrs 3    |            |            |            |            |            |            |
--------------------------------------------------------------------------------------------

Load Buffer
----------------------------------------------------------------
|                    |        Busy        |      Address       |
----------------------------------------------------------------
|        LB 1        |         *          |     0x000000d5     |
|        LB 2        |         *          |     0x000000d7     |
|        LB 3        |                    |                    |
----------------------------------------------------------------

Registers
----------------------------------------------------------------
|                    |       State        |       Value        |
----------------------------------------------------------------
|         R0         |                    |     0x00000000     |
|         R1         |                    |     0x00000000     |
|         R2         |        LB2         |                    |
|         R3         |                    |     0x00000000     |
|         R4         |                    |     0x00000000     |
|         R5         |                    |     0x00000000     |
|         R6         |        LB1         |                    |
|         R7         |                    |     0x00000000     |
|         R8         |                    |     0x00000000     |
|         R9         |                    |     0x00000000     |
|        R10         |                    |     0x00000000     |
|        R11         |                    |     0x00000000     |
|        R12         |                    |     0x00000000     |
|        R13         |                    |     0x00000000     |
|        R14         |                    |     0x00000000     |
|        R15         |                    |     0x00000000     |
|        R16         |                    |     0x00000000     |
|        R17         |                    |     0x00000000     |
|        R18         |                    |     0x00000000     |
|        R19         |                    |     0x00000000     |
|        R20         |                    |     0x00000000     |
|        R21         |                    |     0x00000000     |
|        R22         |                    |     0x00000000     |
|        R23         |                    |     0x00000000     |
|        R24         |                    |     0x00000000     |
|        R25         |                    |     0x00000000     |
|        R26         |                    |     0x00000000     |
|        R27         |                    |     0x00000000     |
|        R28         |                    |     0x00000000     |
|        R29         |                    |     0x00000000     |
|        R30         |                    |     0x00000000     |
|        R31         |                    |     0x00000000     |
----------------------------------------------------------------

Arithmetic Component
-------------------------------------------------------------------------------------
|                    |      Current       |         RS         |   Cycles remain    |
-------------------------------------------------------------------------------------
|       Add 1        |                    |                    |                    |
|       Add 2        |                    |                    |                    |
|       Add 3        |                    |                    |                    |
|       Mult 1       |                    |                    |                    |
|       Mult 2       |                    |                    |                    |
|       Load 1       |         LD         |        LB1         |         2          |
|       Load 2       |         LD         |        LB2         |         3          |
-------------------------------------------------------------------------------------

Cycle 3 (PC=3)
Reservation Station
--------------------------------------------------------------------------------------------
|            |    Busy    |     Op     |     Vj     |     Vk     |     Qj     |     Qk     |
--------------------------------------------------------------------------------------------
|   Ars 1    |            |            |            |            |            |            |
|   Ars 2    |            |            |            |            |            |            |
|   Ars 3    |            |            |            |            |            |            |
|   Ars 4    |            |            |            |            |            |            |
|   Ars 5    |            |            |            |            |            |            |
|   Ars 6    |            |            |            |            |            |            |
|   Mrs 1    |     *      |    MUL     |            | 0x00000000 |    LB2     |            |
|   Mrs 2    |            |            |            |            |            |            |
|   Mrs 3    |            |            |            |            |            |            |
--------------------------------------------------------------------------------------------

Load Buffer
----------------------------------------------------------------
|                    |        Busy        |      Address       |
----------------------------------------------------------------
|        LB 1        |         *          |     0x000000d5     |
|        LB 2        |         *          |     0x000000d7     |
|        LB 3        |                    |                    |
----------------------------------------------------------------

Registers
----------------------------------------------------------------
|                    |       State        |       Value        |
----------------------------------------------------------------
|         R0         |        MRS1        |                    |
|         R1         |                    |     0x00000000     |
|         R2         |        LB2         |                    |
|         R3         |                    |     0x00000000     |
|         R4         |                    |     0x00000000     |
|         R5         |                    |     0x00000000     |
|         R6         |        LB1         |                    |
|         R7         |                    |     0x00000000     |
|         R8         |                    |     0x00000000     |
|         R9         |                    |     0x00000000     |
|        R10         |                    |     0x00000000     |
|        R11         |                    |     0x00000000     |
|        R12         |                    |     0x00000000     |
|        R13         |                    |     0x00000000     |
|        R14         |                    |     0x00000000     |
|        R15         |                    |     0x00000000     |
|        R16         |                    |     0x00000000     |
|        R17         |                    |     0x00000000     |
|        R18         |                    |     0x00000000     |
|        R19         |                    |     0x00000000     |
|        R20         |                    |     0x00000000     |
|        R21         |                    |     0x00000000     |
|        R22         |                    |     0x00000000     |
|        R23         |                    |     0x00000000     |
|        R24         |                    |     0x00000000     |
|        R25         |                    |     0x00000000     |
|        R26         |                    |     0x00000000     |
|        R27         |                    |     0x00000000     |
|        R28         |                    |     0x00000000     |
|        R29         |                    |     0x00000000     |
|        R30         |                    |     0x00000000     |
|        R31         |                    |     0x00000000     |
----------------------------------------------------------------

Arithmetic Component
-------------------------------------------------------------------------------------
|                    |      Current       |         RS         |   Cycles remain    |
-------------------------------------------------------------------------------------
|       Add 1        |                    |                    |                    |
|       Add 2        |                    |                    |                    |
|       Add 3        |                    |                    |                    |
|       Mult 1       |                    |                    |                    |
|       Mult 2       |                    |                    |                    |
|       Load 1       |         LD         |        LB1         |         1          |
|       Load 2       |         LD         |        LB2         |         2          |
-------------------------------------------------------------------------------------

Cycle 4 (PC=4)
Reservation Station
--------------------------------------------------------------------------------------------
|            |    Busy    |     Op     |     Vj     |     Vk     |     Qj     |     Qk     |
--------------------------------------------------------------------------------------------
|   Ars 1    |     *      |    SUB     |            |            |    LB1     |    LB2     |
|   Ars 2    |            |            |            |            |            |            |
|   Ars 3    |            |            |            |            |            |            |
|   Ars 4    |            |            |            |            |            |            |
|   Ars 5    |            |            |            |            |            |            |
|   Ars 6    |            |            |            |            |            |            |
|   Mrs 1    |     *      |    MUL     |            | 0x00000000 |    LB2     |            |
|   Mrs 2    |            |            |            |            |            |            |
|   Mrs 3    |            |            |            |            |            |            |
--------------------------------------------------------------------------------------------

Load Buffer
----------------------------------------------------------------
|                    |        Busy        |      Address       |
----------------------------------------------------------------
|        LB 1        |         *          |     0x000000d5     |
|        LB 2        |         *          |     0x000000d7     |
|        LB 3        |                    |                    |
----------------------------------------------------------------

Registers
----------------------------------------------------------------
|                    |       State        |       Value        |
----------------------------------------------------------------
|         R0         |        MRS1        |                    |
|         R1         |                    |     0x00000000     |
|         R2         |        LB2         |                    |
|         R3         |                    |     0x00000000     |
|         R4         |                    |     0x00000000     |
|         R5         |                    |     0x00000000     |
|         R6         |        LB1         |                    |
|         R7         |                    |     0x00000000     |
|         R8         |        ARS1        |                    |
|         R9         |                    |     0x00000000     |
|        R10         |                    |     0x00000000     |
|        R11         |                    |     0x00000000     |
|        R12         |                    |     0x00000000     |
|        R13         |                    |     0x00000000     |
|        R14         |                    |     0x00000000     |
|        R15         |                    |     0x00000000     |
|        R16         |                    |     0x00000000     |
|        R17         |                    |     0x00000000     |
|        R18         |                    |     0x00000000     |
|        R19         |                    |     0x00000000     |
|        R20         |                    |     0x00000000     |
|        R21         |                    |     0x00000000     |
|        R22         |                    |     0x00000000     |
|        R23         |                    |     0x00000000     |
|        R24         |                    |     0x00000000     |
|        R25         |                    |     0x00000000     |
|        R26         |                    |     0x00000000     |
|        R27         |                    |     0x00000000     |
|        R28         |                    |     0x00000000     |
|        R29         |                    |     0x00000000     |
|        R30         |                    |     0x00000000     |
|        R31         |                    |     0x00000000     |
----------------------------------------------------------------

Arithmetic Component
-------------------------------------------------------------------------------------
|                    |      Current       |         RS         |   Cycles remain    |
-------------------------------------------------------------------------------------
|       Add 1        |                    |                    |                    |
|       Add 2        |                    |                    |                    |
|       Add 3        |                    |                    |                    |
|       Mult 1       |                    |                    |                    |
|       Mult 2       |                    |                    |                    |
|       Load 1       |         LD         |        LB1         |         0          |
|       Load 2       |         LD         |        LB2         |         1          |
-------------------------------------------------------------------------------------

Cycle 5 (PC=5)
Reservation Station
--------------------------------------------------------------------------------------------
|            |    Busy    |     Op     |     Vj     |     Vk     |     Qj     |     Qk     |
--------------------------------------------------------------------------------------------
|   Ars 1    |     *      |    SUB     | 0x000000d5 |            |            |    LB2     |
|   Ars 2    |            |            |            |            |            |            |
|   Ars 3    |            |            |            |            |            |            |
|   Ars 4    |            |            |            |            |            |            |
|   Ars 5    |            |            |            |            |            |            |
|   Ars 6    |            |            |            |            |            |            |
|   Mrs 1    |     *      |    MUL     |            | 0x00000000 |    LB2     |            |
|   Mrs 2    |     *      |    DIV     |            | 0x000000d5 |    MRS1    |            |
|   Mrs 3    |            |            |            |            |            |            |
--------------------------------------------------------------------------------------------

Load Buffer
----------------------------------------------------------------
|                    |        Busy        |      Address       |
----------------------------------------------------------------
|        LB 1        |                    |                    |
|        LB 2        |         *          |     0x000000d7     |
|        LB 3        |                    |                    |
----------------------------------------------------------------

Registers
----------------------------------------------------------------
|                    |       State        |       Value        |
----------------------------------------------------------------
|         R0         |        MRS1        |                    |
|         R1         |                    |     0x00000000     |
|         R2         |        LB2         |                    |
|         R3         |                    |     0x00000000     |
|         R4         |                    |     0x00000000     |
|         R5         |                    |     0x00000000     |
|         R6         |                    |     0x000000d5     |
|         R7         |                    |     0x00000000     |
|         R8         |        ARS1        |                    |
|         R9         |                    |     0x00000000     |
|        R10         |        MRS2        |                    |
|        R11         |                    |     0x00000000     |
|        R12         |                    |     0x00000000     |
|        R13         |                    |     0x00000000     |
|        R14         |                    |     0x00000000     |
|        R15         |                    |     0x00000000     |
|        R16         |                    |     0x00000000     |
|        R17         |                    |     0x00000000     |
|        R18         |                    |     0x00000000     |
|        R19         |                    |     0x00000000     |
|        R20         |                    |     0x00000000     |
|        R21         |                    |     0x00000000     |
|        R22         |                    |     0x00000000     |
|        R23         |                    |     0x00000000     |
|        R24         |                    |     0x00000000     |
|        R25         |                    |     0x00000000     |
|        R26         |                    |     0x00000000     |
|        R27         |                    |     0x00000000     |
|        R28         |                    |     0x00000000     |
|        R29         |                    |     0x00000000     |
|        R30         |                    |     0x00000000     |
|        R31         |                    |     0x00000000     |
----------------------------------------------------------------

Arithmetic Component
-------------------------------------------------------------------------------------
|                    |      Current       |         RS         |   Cycles remain    |
-------------------------------------------------------------------------------------
|       Add 1        |                    |                    |                    |
|       Add 2        |                    |                    |                    |
|       Add 3        |                    |                    |                    |
|       Mult 1       |                    |                    |                    |
|       Mult 2       |                    |                    |                    |
|       Load 1       |                    |                    |                    |
|       Load 2       |         LD         |        LB2         |         0          |
-------------------------------------------------------------------------------------

Cycle 6 (PC=6)
Reservation Station
--------------------------------------------------------------------------------------------
|            |    Busy    |     Op     |     Vj     |     Vk     |     Qj     |     Qk     |
--------------------------------------------------------------------------------------------
|   Ars 1    |     *      |    SUB     | 0x000000d5 | 0x000000d7 |            |            |
|   Ars 2    |     *      |    ADD     |            | 0x000000d7 |    ARS1    |            |
|   Ars 3    |            |            |            |            |            |            |
|   Ars 4    |            |            |            |            |            |            |
|   Ars 5    |            |            |            |            |            |            |
|   Ars 6    |            |            |            |            |            |            |
|   Mrs 1    |     *      |    MUL     | 0x000000d7 | 0x00000000 |            |            |
|   Mrs 2    |     *      |    DIV     |            | 0x000000d5 |    MRS1    |            |
|   Mrs 3    |            |            |            |            |            |            |
--------------------------------------------------------------------------------------------

Load Buffer
----------------------------------------------------------------
|                    |        Busy        |      Address       |
----------------------------------------------------------------
|        LB 1        |                    |                    |
|        LB 2        |                    |                    |
|        LB 3        |                    |                    |
----------------------------------------------------------------

Registers
----------------------------------------------------------------
|                    |       State        |       Value        |
----------------------------------------------------------------
|         R0         |        MRS1        |                    |
|         R1         |                    |     0x00000000     |
|         R2         |                    |     0x000000d7     |
|         R3         |                    |     0x00000000     |
|         R4         |                    |     0x00000000     |
|         R5         |                    |     0x00000000     |
|         R6         |        ARS2        |                    |
|         R7         |                    |     0x00000000     |
|         R8         |        ARS1        |                    |
|         R9         |                    |     0x00000000     |
|        R10         |        MRS2        |                    |
|        R11         |                    |     0x00000000     |
|        R12         |                    |     0x00000000     |
|        R13         |                    |     0x00000000     |
|        R14         |                    |     0x00000000     |
|        R15         |                    |     0x00000000     |
|        R16         |                    |     0x00000000     |
|        R17         |                    |     0x00000000     |
|        R18         |                    |     0x00000000     |
|        R19         |                    |     0x00000000     |
|        R20         |                    |     0x00000000     |
|        R21         |                    |     0x00000000     |
|        R22         |                    |     0x00000000     |
|        R23         |                    |     0x00000000     |
|        R24         |                    |     0x00000000     |
|        R25         |                    |     0x00000000     |
|        R26         |                    |     0x00000000     |
|        R27         |                    |     0x00000000     |
|        R28         |                    |     0x00000000     |
|        R29         |                    |     0x00000000     |
|        R30         |                    |     0x00000000     |
|        R31         |                    |     0x00000000     |
----------------------------------------------------------------

Arithmetic Component
-------------------------------------------------------------------------------------
|                    |      Current       |         RS         |   Cycles remain    |
-------------------------------------------------------------------------------------
|       Add 1        |        SUB         |        ARS1        |         3          |
|       Add 2        |                    |                    |                    |
|       Add 3        |                    |                    |                    |
|       Mult 1       |        MUL         |        MRS1        |         4          |
|       Mult 2       |                    |                    |                    |
|       Load 1       |                    |                    |                    |
|       Load 2       |                    |                    |                    |
-------------------------------------------------------------------------------------

Cycle 7 (PC=6)
Reservation Station
--------------------------------------------------------------------------------------------
|            |    Busy    |     Op     |     Vj     |     Vk     |     Qj     |     Qk     |
--------------------------------------------------------------------------------------------
|   Ars 1    |     *      |    SUB     | 0x000000d5 | 0x000000d7 |            |            |
|   Ars 2    |     *      |    ADD     |            | 0x000000d7 |    ARS1    |            |
|   Ars 3    |            |            |            |            |            |            |
|   Ars 4    |            |            |            |            |            |            |
|   Ars 5    |            |            |            |            |            |            |
|   Ars 6    |            |            |            |            |            |            |
|   Mrs 1    |     *      |    MUL     | 0x000000d7 | 0x00000000 |            |            |
|   Mrs 2    |     *      |    DIV     |            | 0x000000d5 |    MRS1    |            |
|   Mrs 3    |            |            |            |            |            |            |
--------------------------------------------------------------------------------------------

Load Buffer
----------------------------------------------------------------
|                    |        Busy        |      Address       |
----------------------------------------------------------------
|        LB 1        |                    |                    |
|        LB 2        |                    |                    |
|        LB 3        |                    |                    |
----------------------------------------------------------------

Registers
----------------------------------------------------------------
|                    |       State        |       Value        |
----------------------------------------------------------------
|         R0         |        MRS1        |                    |
|         R1         |                    |     0x00000000     |
|         R2         |                    |     0x000000d7     |
|         R3         |                    |     0x00000000     |
|         R4         |                    |     0x00000000     |
|         R5         |                    |     0x00000000     |
|         R6         |        ARS2        |                    |
|         R7         |                    |     0x00000000     |
|         R8         |        ARS1        |                    |
|         R9         |                    |     0x00000000     |
|        R10         |        MRS2        |                    |
|        R11         |                    |     0x00000000     |
|        R12         |                    |     0x00000000     |
|        R13         |                    |     0x00000000     |
|        R14         |                    |     0x00000000     |
|        R15         |                    |     0x00000000     |
|        R16         |                    |     0x00000000     |
|        R17         |                    |     0x00000000     |
|        R18         |                    |     0x00000000     |
|        R19         |                    |     0x00000000     |
|        R20         |                    |     0x00000000     |
|        R21         |                    |     0x00000000     |
|        R22         |                    |     0x00000000     |
|        R23         |                    |     0x00000000     |
|        R24         |                    |     0x00000000     |
|        R25         |                    |     0x00000000     |
|        R26         |                    |     0x00000000     |
|        R27         |                    |     0x00000000     |
|        R28         |                    |     0x00000000     |
|        R29         |                    |     0x00000000     |
|        R30         |                    |     0x00000000     |
|        R31         |                    |     0x00000000     |
----------------------------------------------------------------

Arithmetic Component
-------------------------------------------------------------------------------------
|                    |      Current       |         RS         |   Cycles remain    |
-------------------------------------------------------------------------------------
|       Add 1        |        SUB         |        ARS1        |         2          |
|       Add 2        |                    |                    |                    |
|       Add 3        |                    |                    |                    |
|       Mult 1       |        MUL         |        MRS1        |         3          |
|       Mult 2       |                    |                    |                    |
|       Load 1       |                    |                    |                    |
|       Load 2       |                    |                    |                    |
-------------------------------------------------------------------------------------

Cycle 8 (PC=6)
Reservation Station
--------------------------------------------------------------------------------------------
|            |    Busy    |     Op     |     Vj     |     Vk     |     Qj     |     Qk     |
--------------------------------------------------------------------------------------------
|   Ars 1    |     *      |    SUB     | 0x000000d5 | 0x000000d7 |            |            |
|   Ars 2    |     *      |    ADD     |            | 0x000000d7 |    ARS1    |            |
|   Ars 3    |            |            |            |            |            |            |
|   Ars 4    |            |            |            |            |            |            |
|   Ars 5    |            |            |            |            |            |            |
|   Ars 6    |            |            |            |            |            |            |
|   Mrs 1    |     *      |    MUL     | 0x000000d7 | 0x00000000 |            |            |
|   Mrs 2    |     *      |    DIV     |            | 0x000000d5 |    MRS1    |            |
|   Mrs 3    |            |            |            |            |            |            |
--------------------------------------------------------------------------------------------

Load Buffer
----------------------------------------------------------------
|                    |        Busy        |      Address       |
----------------------------------------------------------------
|        LB 1        |                    |                    |
|        LB 2        |                    |                    |
|        LB 3        |                    |                    |
----------------------------------------------------------------

Registers
----------------------------------------------------------------
|                    |       State        |       Value        |
----------------------------------------------------------------
|         R0         |        MRS1        |                    |
|         R1         |                    |     0x00000000     |
|         R2         |                    |     0x000000d7     |
|         R3         |                    |     0x00000000     |
|         R4         |                    |     0x00000000     |
|         R5         |                    |     0x00000000     |
|         R6         |        ARS2        |                    |
|         R7         |                    |     0x00000000     |
|         R8         |        ARS1        |                    |
|         R9         |                    |     0x00000000     |
|        R10         |        MRS2        |                    |
|        R11         |                    |     0x00000000     |
|        R12         |                    |     0x00000000     |
|        R13         |                    |     0x00000000     |
|        R14         |                    |     0x00000000     |
|        R15         |                    |     0x00000000     |
|        R16         |                    |     0x00000000     |
|        R17         |                    |     0x00000000     |
|        R18         |                    |     0x00000000     |
|        R19         |                    |     0x00000000     |
|        R20         |                    |     0x00000000     |
|        R21         |                    |     0x00000000     |
|        R22         |                    |     0x00000000     |
|        R23         |                    |     0x00000000     |
|        R24         |                    |     0x00000000     |
|        R25         |                    |     0x00000000     |
|        R26         |                    |     0x00000000     |
|        R27         |                    |     0x00000000     |
|        R28         |                    |     0x00000000     |
|        R29         |                    |     0x00000000     |
|        R30         |                    |     0x00000000     |
|        R31         |                    |     0x00000000     |
----------------------------------------------------------------

Arithmetic Component
-------------------------------------------------------------------------------------
|                    |      Current       |         RS         |   Cycles remain    |
-------------------------------------------------------------------------------------
|       Add 1        |        SUB         |        ARS1        |         1          |
|       Add 2        |                    |                    |                    |
|       Add 3        |                    |                    |                    |
|       Mult 1       |        MUL         |        MRS1        |         2          |
|       Mult 2       |                    |                    |                    |
|       Load 1       |                    |                    |                    |
|       Load 2       |                    |                    |                    |
-------------------------------------------------------------------------------------

Cycle 9 (PC=6)
Reservation Station
--------------------------------------------------------------------------------------------
|            |    Busy    |     Op     |     Vj     |     Vk     |     Qj     |     Qk     |
--------------------------------------------------------------------------------------------
|   Ars 1    |     *      |    SUB     | 0x000000d5 | 0x000000d7 |            |            |
|   Ars 2    |     *      |    ADD     |            | 0x000000d7 |    ARS1    |            |
|   Ars 3    |            |            |            |            |            |            |
|   Ars 4    |            |            |            |            |            |            |
|   Ars 5    |            |            |            |            |            |            |
|   Ars 6    |            |            |            |            |            |            |
|   Mrs 1    |     *      |    MUL     | 0x000000d7 | 0x00000000 |            |            |
|   Mrs 2    |     *      |    DIV     |            | 0x000000d5 |    MRS1    |            |
|   Mrs 3    |            |            |            |            |            |            |
--------------------------------------------------------------------------------------------

Load Buffer
----------------------------------------------------------------
|                    |        Busy        |      Address       |
----------------------------------------------------------------
|        LB 1        |                    |                    |
|        LB 2        |                    |                    |
|        LB 3        |                    |                    |
----------------------------------------------------------------

Registers
----------------------------------------------------------------
|                    |       State        |       Value        |
----------------------------------------------------------------
|         R0         |        MRS1        |                    |
|         R1         |                    |     0x00000000     |
|         R2         |                    |     0x000000d7     |
|         R3         |                    |     0x00000000     |
|         R4         |                    |     0x00000000     |
|         R5         |                    |     0x00000000     |
|         R6         |        ARS2        |                    |
|         R7         |                    |     0x00000000     |
|         R8         |        ARS1        |                    |
|         R9         |                    |     0x00000000     |
|        R10         |        MRS2        |                    |
|        R11         |                    |     0x00000000     |
|        R12         |                    |     0x00000000     |
|        R13         |                    |     0x00000000     |
|        R14         |                    |     0x00000000     |
|        R15         |                    |     0x00000000     |
|        R16         |                    |     0x00000000     |
|        R17         |                    |     0x00000000     |
|        R18         |                    |     0x00000000     |
|        R19         |                    |     0x00000000     |
|        R20         |                    |     0x00000000     |
|        R21         |                    |     0x00000000     |
|        R22         |                    |     0x00000000     |
|        R23         |                    |     0x00000000     |
|        R24         |                    |     0x00000000     |
|        R25         |                    |     0x00000000     |
|        R26         |                    |     0x00000000     |
|        R27         |                    |     0x00000000     |
|        R28         |                    |     0x00000000     |
|        R29         |                    |     0x00000000     |
|        R30         |                    |     0x00000000     |
|        R31         |                    |     0x00000000     |
----------------------------------------------------------------

Arithmetic Component
-------------------------------------------------------------------------------------
|                    |      Current       |         RS         |   Cycles remain    |
-------------------------------------------------------------------------------------
|       Add 1        |        SUB         |        ARS1        |         0          |
|       Add 2        |                    |                    |                    |
|       Add 3        |                    |                    |                    |
|       Mult 1       |        MUL         |        MRS1        |         1          |
|       Mult 2       |                    |                    |                    |
|       Load 1       |                    |                    |                    |
|       Load 2       |                    |                    |                    |
-------------------------------------------------------------------------------------

Cycle 10 (PC=6)
Reservation Station
--------------------------------------------------------------------------------------------
|            |    Busy    |     Op     |     Vj     |     Vk     |     Qj     |     Qk     |
--------------------------------------------------------------------------------------------
|   Ars 1    |            |            |            |            |            |            |
|   Ars 2    |     *      |    ADD     | 0xfffffffe | 0x000000d7 |            |            |
|   Ars 3    |            |            |            |            |            |            |
|   Ars 4    |            |            |            |            |            |            |
|   Ars 5    |            |            |            |            |            |            |
|   Ars 6    |            |            |            |            |            |            |
|   Mrs 1    |     *      |    MUL     | 0x000000d7 | 0x00000000 |            |            |
|   Mrs 2    |     *      |    DIV     |            | 0x000000d5 |    MRS1    |            |
|   Mrs 3    |            |            |            |            |            |            |
--------------------------------------------------------------------------------------------

Load Buffer
----------------------------------------------------------------
|                    |        Busy        |      Address       |
----------------------------------------------------------------
|        LB 1        |                    |                    |
|        LB 2        |                    |                    |
|        LB 3        |                    |                    |
----------------------------------------------------------------

Registers
----------------------------------------------------------------
|                    |       State        |       Value        |
----------------------------------------------------------------
|         R0         |        MRS1        |                    |
|         R1         |                    |     0x00000000     |
|         R2         |                    |     0x000000d7     |
|         R3         |                    |     0x00000000     |
|         R4         |                    |     0x00000000     |
|         R5         |                    |     0x00000000     |
|         R6         |        ARS2        |                    |
|         R7         |                    |     0x00000000     |
|         R8         |                    |     0xfffffffe     |
|         R9         |                    |     0x00000000     |
|        R10         |        MRS2        |                    |
|        R11         |                    |     0x00000000     |
|        R12         |                    |     0x00000000     |
|        R13         |                    |     0x00000000     |
|        R14         |                    |     0x00000000     |
|        R15         |                    |     0x00000000     |
|        R16         |                    |     0x00000000     |
|        R17         |                    |     0x00000000     |
|        R18         |                    |     0x00000000     |
|        R19         |                    |     0x00000000     |
|        R20         |                    |     0x00000000     |
|        R21         |                    |     0x00000000     |
|        R22         |                    |     0x00000000     |
|        R23         |                    |     0x00000000     |
|        R24         |                    |     0x00000000     |
|        R25         |                    |     0x00000000     |
|        R26         |                    |     0x00000000     |
|        R27         |                    |     0x00000000     |
|        R28         |                    |     0x00000000     |
|        R29         |                    |     0x00000000     |
|        R30         |                    |     0x00000000     |
|        R31         |                    |     0x00000000     |
----------------------------------------------------------------

Arithmetic Component
-------------------------------------------------------------------------------------
|                    |      Current       |         RS         |   Cycles remain    |
-------------------------------------------------------------------------------------
|       Add 1        |        ADD         |        ARS2        |         3          |
|       Add 2        |                    |                    |                    |
|       Add 3        |                    |                    |                    |
|       Mult 1       |        MUL         |        MRS1        |         0          |
|       Mult 2       |                    |                    |                    |
|       Load 1       |                    |                    |                    |
|       Load 2       |                    |                    |                    |
-------------------------------------------------------------------------------------

Cycle 11 (PC=6)
Reservation Station
--------------------------------------------------------------------------------------------
|            |    Busy    |     Op     |     Vj     |     Vk     |     Qj     |     Qk     |
--------------------------------------------------------------------------------------------
|   Ars 1    |            |            |            |            |            |            |
|   Ars 2    |     *      |    ADD     | 0xfffffffe | 0x000000d7 |            |            |
|   Ars 3    |            |            |            |            |            |            |
|   Ars 4    |            |            |            |            |            |            |
|   Ars 5    |            |            |            |            |            |            |
|   Ars 6    |            |            |            |            |            |            |
|   Mrs 1    |            |            |            |            |            |            |
|   Mrs 2    |     *      |    DIV     | 0x00000000 | 0x000000d5 |            |            |
|   Mrs 3    |            |            |            |            |            |            |
--------------------------------------------------------------------------------------------

Load Buffer
----------------------------------------------------------------
|                    |        Busy        |      Address       |
----------------------------------------------------------------
|        LB 1        |                    |                    |
|        LB 2        |                    |                    |
|        LB 3        |                    |                    |
----------------------------------------------------------------

Registers
----------------------------------------------------------------
|                    |       State        |       Value        |
----------------------------------------------------------------
|         R0         |                    |     0x00000000     |
|         R1         |                    |     0x00000000     |
|         R2         |                    |     0x000000d7     |
|         R3         |                    |     0x00000000     |
|         R4         |                    |     0x00000000     |
|         R5         |                    |     0x00000000     |
|         R6         |        ARS2        |                    |
|         R7         |                    |     0x00000000     |
|         R8         |                    |     0xfffffffe     |
|         R9         |                    |     0x00000000     |
|        R10         |        MRS2        |                    |
|        R11         |                    |     0x00000000     |
|        R12         |                    |     0x00000000     |
|        R13         |                    |     0x00000000     |
|        R14         |                    |     0x00000000     |
|        R15         |                    |     0x00000000     |
|        R16         |                    |     0x00000000     |
|        R17         |                    |     0x00000000     |
|        R18         |                    |     0x00000000     |
|        R19         |                    |     0x00000000     |
|        R20         |                    |     0x00000000     |
|        R21         |                    |     0x00000000     |
|        R22         |                    |     0x00000000     |
|        R23         |                    |     0x00000000     |
|        R24         |                    |     0x00000000     |
|        R25         |                    |     0x00000000     |
|        R26         |                    |     0x00000000     |
|        R27         |                    |     0x00000000     |
|        R28         |                    |     0x00000000     |
|        R29         |                    |     0x00000000     |
|        R30         |                    |     0x00000000     |
|        R31         |                    |     0x00000000     |
----------------------------------------------------------------

Arithmetic Component
-------------------------------------------------------------------------------------
|                    |      Current       |         RS         |   Cycles remain    |
-------------------------------------------------------------------------------------
|       Add 1        |        ADD         |        ARS2        |         2          |
|       Add 2        |                    |                    |                    |
|       Add 3        |                    |                    |                    |
|       Mult 1       |        DIV         |        MRS2        |         4          |
|       Mult 2       |                    |                    |                    |
|       Load 1       |                    |                    |                    |
|       Load 2       |                    |                    |                    |
-------------------------------------------------------------------------------------

Cycle 12 (PC=6)
Reservation Station
--------------------------------------------------------------------------------------------
|            |    Busy    |     Op     |     Vj     |     Vk     |     Qj     |     Qk     |
--------------------------------------------------------------------------------------------
|   Ars 1    |            |            |            |            |            |            |
|   Ars 2    |     *      |    ADD     | 0xfffffffe | 0x000000d7 |            |            |
|   Ars 3    |            |            |            |            |            |            |
|   Ars 4    |            |            |            |            |            |            |
|   Ars 5    |            |            |            |            |            |            |
|   Ars 6    |            |            |            |            |            |            |
|   Mrs 1    |            |            |            |            |            |            |
|   Mrs 2    |     *      |    DIV     | 0x00000000 | 0x000000d5 |            |            |
|   Mrs 3    |            |            |            |            |            |            |
--------------------------------------------------------------------------------------------

Load Buffer
----------------------------------------------------------------
|                    |        Busy        |      Address       |
----------------------------------------------------------------
|        LB 1        |                    |                    |
|        LB 2        |                    |                    |
|        LB 3        |                    |                    |
----------------------------------------------------------------

Registers
----------------------------------------------------------------
|                    |       State        |       Value        |
----------------------------------------------------------------
|         R0         |                    |     0x00000000     |
|         R1         |                    |     0x00000000     |
|         R2         |                    |     0x000000d7     |
|         R3         |                    |     0x00000000     |
|         R4         |                    |     0x00000000     |
|         R5         |                    |     0x00000000     |
|         R6         |        ARS2        |                    |
|         R7         |                    |     0x00000000     |
|         R8         |                    |     0xfffffffe     |
|         R9         |                    |     0x00000000     |
|        R10         |        MRS2        |                    |
|        R11         |                    |     0x00000000     |
|        R12         |                    |     0x00000000     |
|        R13         |                    |     0x00000000     |
|        R14         |                    |     0x00000000     |
|        R15         |                    |     0x00000000     |
|        R16         |                    |     0x00000000     |
|        R17         |                    |     0x00000000     |
|        R18         |                    |     0x00000000     |
|        R19         |                    |     0x00000000     |
|        R20         |                    |     0x00000000     |
|        R21         |                    |     0x00000000     |
|        R22         |                    |     0x00000000     |
|        R23         |                    |     0x00000000     |
|        R24         |                    |     0x00000000     |
|        R25         |                    |     0x00000000     |
|        R26         |                    |     0x00000000     |
|        R27         |                    |     0x00000000     |
|        R28         |                    |     0x00000000     |
|        R29         |                    |     0x00000000     |
|        R30         |                    |     0x00000000     |
|        R31         |                    |     0x00000000     |
----------------------------------------------------------------

Arithmetic Component
-------------------------------------------------------------------------------------
|                    |      Current       |         RS         |   Cycles remain    |
-------------------------------------------------------------------------------------
|       Add 1        |        ADD         |        ARS2        |         1          |
|       Add 2        |                    |                    |                    |
|       Add 3        |                    |                    |                    |
|       Mult 1       |        DIV         |        MRS2        |         3          |
|       Mult 2       |                    |                    |                    |
|       Load 1       |                    |                    |                    |
|       Load 2       |                    |                    |                    |
-------------------------------------------------------------------------------------

Cycle 13 (PC=6)
Reservation Station
--------------------------------------------------------------------------------------------
|            |    Busy    |     Op     |     Vj     |     Vk     |     Qj     |     Qk     |
--------------------------------------------------------------------------------------------
|   Ars 1    |            |            |            |            |            |            |
|   Ars 2    |     *      |    ADD     | 0xfffffffe | 0x000000d7 |            |            |
|   Ars 3    |            |            |            |            |            |            |
|   Ars 4    |            |            |            |            |            |            |
|   Ars 5    |            |            |            |            |            |            |
|   Ars 6    |            |            |            |            |            |            |
|   Mrs 1    |            |            |            |            |            |            |
|   Mrs 2    |     *      |    DIV     | 0x00000000 | 0x000000d5 |            |            |
|   Mrs 3    |            |            |            |            |            |            |
--------------------------------------------------------------------------------------------

Load Buffer
----------------------------------------------------------------
|                    |        Busy        |      Address       |
----------------------------------------------------------------
|        LB 1        |                    |                    |
|        LB 2        |                    |                    |
|        LB 3        |                    |                    |
----------------------------------------------------------------

Registers
----------------------------------------------------------------
|                    |       State        |       Value        |
----------------------------------------------------------------
|         R0         |                    |     0x00000000     |
|         R1         |                    |     0x00000000     |
|         R2         |                    |     0x000000d7     |
|         R3         |                    |     0x00000000     |
|         R4         |                    |     0x00000000     |
|         R5         |                    |     0x00000000     |
|         R6         |        ARS2        |                    |
|         R7         |                    |     0x00000000     |
|         R8         |                    |     0xfffffffe     |
|         R9         |                    |     0x00000000     |
|        R10         |        MRS2        |                    |
|        R11         |                    |     0x00000000     |
|        R12         |                    |     0x00000000     |
|        R13         |                    |     0x00000000     |
|        R14         |                    |     0x00000000     |
|        R15         |                    |     0x00000000     |
|        R16         |                    |     0x00000000     |
|        R17         |                    |     0x00000000     |
|        R18         |                    |     0x00000000     |
|        R19         |                    |     0x00000000     |
|        R20         |                    |     0x00000000     |
|        R21         |                    |     0x00000000     |
|        R22         |                    |     0x00000000     |
|        R23         |                    |     0x00000000     |
|        R24         |                    |     0x00000000     |
|        R25         |                    |     0x00000000     |
|        R26         |                    |     0x00000000     |
|        R27         |                    |     0x00000000     |
|        R28         |                    |     0x00000000     |
|        R29         |                    |     0x00000000     |
|        R30         |                    |     0x00000000     |
|        R31         |                    |     0x00000000     |
----------------------------------------------------------------

Arithmetic Component
-------------------------------------------------------------------------------------
|                    |      Current       |         RS         |   Cycles remain    |
-------------------------------------------------------------------------------------
|       Add 1        |        ADD         |        ARS2        |         0          |
|       Add 2        |                    |                    |                    |
|       Add 3        |                    |                    |                    |
|       Mult 1       |        DIV         |        MRS2        |         2          |
|       Mult 2       |                    |                    |                    |
|       Load 1       |                    |                    |                    |
|       Load 2       |                    |                    |                    |
-------------------------------------------------------------------------------------

Cycle 14 (PC=6)
Reservation Station
--------------------------------------------------------------------------------------------
|            |    Busy    |     Op     |     Vj     |     Vk     |     Qj     |     Qk     |
--------------------------------------------------------------------------------------------
|   Ars 1    |            |            |            |            |            |            |
|   Ars 2    |            |            |            |            |            |            |
|   Ars 3    |            |            |            |            |            |            |
|   Ars 4    |            |            |            |            |            |            |
|   Ars 5    |            |            |            |            |            |            |
|   Ars 6    |            |            |            |            |            |            |
|   Mrs 1    |            |            |            |            |            |            |
|   Mrs 2    |     *      |    DIV     | 0x00000000 | 0x000000d5 |            |            |
|   Mrs 3    |            |            |            |            |            |            |
--------------------------------------------------------------------------------------------

Load Buffer
----------------------------------------------------------------
|                    |        Busy        |      Address       |
----------------------------------------------------------------
|        LB 1        |                    |                    |
|        LB 2        |                    |                    |
|        LB 3        |                    |                    |
----------------------------------------------------------------

Registers
----------------------------------------------------------------
|                    |       State        |       Value        |
----------------------------------------------------------------
|         R0         |                    |     0x00000000     |
|         R1         |                    |     0x00000000     |
|         R2         |                    |     0x000000d7     |
|         R3         |                    |     0x00000000     |
|         R4         |                    |     0x00000000     |
|         R5         |                    |     0x00000000     |
|         R6         |                    |     0x000000d5     |
|         R7         |                    |     0x00000000     |
|         R8         |                    |     0xfffffffe     |
|         R9         |                    |     0x00000000     |
|        R10         |        MRS2        |                    |
|        R11         |                    |     0x00000000     |
|        R12         |                    |     0x00000000     |
|        R13         |                    |     0x00000000     |
|        R14         |                    |     0x00000000     |
|        R15         |                    |     0x00000000     |
|        R16         |                    |     0x00000000     |
|        R17         |                    |     0x00000000     |
|        R18         |                    |     0x00000000     |
|        R19         |                    |     0x00000000     |
|        R20         |                    |     0x00000000     |
|        R21         |                    |     0x00000000     |
|        R22         |                    |     0x00000000     |
|        R23         |                    |     0x00000000     |
|        R24         |                    |     0x00000000     |
|        R25         |                    |     0x00000000     |
|        R26         |                    |     0x00000000     |
|        R27         |                    |     0x00000000     |
|        R28         |                    |     0x00000000     |
|        R29         |                    |     0x00000000     |
|        R30         |                    |     0x00000000     |
|        R31         |                    |     0x00000000     |
----------------------------------------------------------------

Arithmetic Component
-------------------------------------------------------------------------------------
|                    |      Current       |         RS         |   Cycles remain    |
-------------------------------------------------------------------------------------
|       Add 1        |                    |                    |                    |
|       Add 2        |                    |                    |                    |
|       Add 3        |                    |                    |                    |
|       Mult 1       |        DIV         |        MRS2        |         1          |
|       Mult 2       |                    |                    |                    |
|       Load 1       |                    |                    |                    |
|       Load 2       |                    |                    |                    |
-------------------------------------------------------------------------------------

Cycle 15 (PC=6)
Reservation Station
--------------------------------------------------------------------------------------------
|            |    Busy    |     Op     |     Vj     |     Vk     |     Qj     |     Qk     |
--------------------------------------------------------------------------------------------
|   Ars 1    |            |            |            |            |            |            |
|   Ars 2    |            |            |            |            |            |            |
|   Ars 3    |            |            |            |            |            |            |
|   Ars 4    |            |            |            |            |            |            |
|   Ars 5    |            |            |            |            |            |            |
|   Ars 6    |            |            |            |            |            |            |
|   Mrs 1    |            |            |            |            |            |            |
|   Mrs 2    |     *      |    DIV     | 0x00000000 | 0x000000d5 |            |            |
|   Mrs 3    |            |            |            |            |            |            |
--------------------------------------------------------------------------------------------

Load Buffer
----------------------------------------------------------------
|                    |        Busy        |      Address       |
----------------------------------------------------------------
|        LB 1        |                    |                    |
|        LB 2        |                    |                    |
|        LB 3        |                    |                    |
----------------------------------------------------------------

Registers
----------------------------------------------------------------
|                    |       State        |       Value        |
----------------------------------------------------------------
|         R0         |                    |     0x00000000     |
|         R1         |                    |     0x00000000     |
|         R2         |                    |     0x000000d7     |
|         R3         |                    |     0x00000000     |
|         R4         |                    |     0x00000000     |
|         R5         |                    |     0x00000000     |
|         R6         |                    |     0x000000d5     |
|         R7         |                    |     0x00000000     |
|         R8         |                    |     0xfffffffe     |
|         R9         |                    |     0x00000000     |
|        R10         |        MRS2        |                    |
|        R11         |                    |     0x00000000     |
|        R12         |                    |     0x00000000     |
|        R13         |                    |     0x00000000     |
|        R14         |                    |     0x00000000     |
|        R15         |                    |     0x00000000     |
|        R16         |                    |     0x00000000     |
|        R17         |                    |     0x00000000     |
|        R18         |                    |     0x00000000     |
|        R19         |                    |     0x00000000     |
|        R20         |                    |     0x00000000     |
|        R21         |                    |     0x00000000     |
|        R22         |                    |     0x00000000     |
|        R23         |                    |     0x00000000     |
|        R24         |                    |     0x00000000     |
|        R25         |                    |     0x00000000     |
|        R26         |                    |     0x00000000     |
|        R27         |                    |     0x00000000     |
|        R28         |                    |     0x00000000     |
|        R29         |                    |     0x00000000     |
|        R30         |                    |     0x00000000     |
|        R31         |                    |     0x00000000     |
----------------------------------------------------------------

Arithmetic Component
-------------------------------------------------------------------------------------
|                    |      Current       |         RS         |   Cycles remain    |
-------------------------------------------------------------------------------------
|       Add 1        |                    |                    |                    |
|       Add 2        |                    |                    |                    |
|       Add 3        |                    |                    |                    |
|       Mult 1       |        DIV         |        MRS2        |         0          |
|       Mult 2       |                    |                    |                    |
|       Load 1       |                    |                    |                    |
|       Load 2       |                    |                    |                    |
-------------------------------------------------------------------------------------

Cycle 16 (PC=6)
Reservation Station
--------------------------------------------------------------------------------------------
|            |    Busy    |     Op     |     Vj     |     Vk     |     Qj     |     Qk     |
--------------------------------------------------------------------------------------------
|   Ars 1    |            |            |            |            |            |            |
|   Ars 2    |            |            |            |            |            |            |
|   Ars 3    |            |            |            |            |            |            |
|   Ars 4    |            |            |            |            |            |            |
|   Ars 5    |            |            |            |            |            |            |
|   Ars 6    |            |            |            |            |            |            |
|   Mrs 1    |            |            |            |            |            |            |
|   Mrs 2    |            |            |            |            |            |            |
|   Mrs 3    |            |            |            |            |            |            |
--------------------------------------------------------------------------------------------

Load Buffer
----------------------------------------------------------------
|                    |        Busy        |      Address       |
----------------------------------------------------------------
|        LB 1        |                    |                    |
|        LB 2        |                    |                    |
|        LB 3        |                    |                    |
----------------------------------------------------------------

Registers
----------------------------------------------------------------
|                    |       State        |       Value        |
----------------------------------------------------------------
|         R0         |                    |     0x00000000     |
|         R1         |                    |     0x00000000     |
|         R2         |                    |     0x000000d7     |
|         R3         |                    |     0x00000000     |
|         R4         |                    |     0x00000000     |
|         R5         |                    |     0x00000000     |
|         R6         |                    |     0x000000d5     |
|         R7         |                    |     0x00000000     |
|         R8         |                    |     0xfffffffe     |
|         R9         |                    |     0x00000000     |
|        R10         |                    |     0x00000000     |
|        R11         |                    |     0x00000000     |
|        R12         |                    |     0x00000000     |
|        R13         |                    |     0x00000000     |
|        R14         |                    |     0x00000000     |
|        R15         |                    |     0x00000000     |
|        R16         |                    |     0x00000000     |
|        R17         |                    |     0x00000000     |
|        R18         |                    |     0x00000000     |
|        R19         |                    |     0x00000000     |
|        R20         |                    |     0x00000000     |
|        R21         |                    |     0x00000000     |
|        R22         |                    |     0x00000000     |
|        R23         |                    |     0x00000000     |
|        R24         |                    |     0x00000000     |
|        R25         |                    |     0x00000000     |
|        R26         |                    |     0x00000000     |
|        R27         |                    |     0x00000000     |
|        R28         |                    |     0x00000000     |
|        R29         |                    |     0x00000000     |
|        R30         |                    |     0x00000000     |
|        R31         |                    |     0x00000000     |
----------------------------------------------------------------

Arithmetic Component
-------------------------------------------------------------------------------------
|                    |      Current       |         RS         |   Cycles remain    |
-------------------------------------------------------------------------------------
|       Add 1        |                    |                    |                    |
|       Add 2        |                    |                    |                    |
|       Add 3        |                    |                    |                    |
|       Mult 1       |                    |                    |                    |
|       Mult 2       |                    |                    |                    |
|       Load 1       |                    |                    |                    |
|       Load 2       |                    |                    |                    |
-------------------------------------------------------------------------------------

Summary
------------------------------------------------------------------------------------------------------
|  PC Number   |Instruction                             |    Issue     |  Exec Comp   | Write Result |
------------------------------------------------------------------------------------------------------
|      0       |LD,R6,0x000000d5                        |      1       |      4       |      5       |
|      1       |LD,R2,0x000000d7                        |      2       |      5       |      6       |
|      2       |MUL,R0,R2,R4                            |      3       |      10      |      11      |
|      3       |SUB,R8,R6,R2                            |      4       |      9       |      10      |
|      4       |DIV,R10,R0,R6                           |      5       |      15      |      16      |
|      5       |ADD,R6,R8,R2                            |      6       |      13      |      14      |
------------------------------------------------------------------------------------------------------
